
   ErrorException 

  file_put_contents(/var/www/html/resources/js/actions/Laravel/index.ts): Failed to open stream: Permission denied

  at vendor/laravel/framework/src/Illuminate/Filesystem/Filesystem.php:204
    200▕      * @return int|bool
    201▕      */
    202▕     public function put($path, $contents, $lock = false)
    203▕     {
  ➜ 204▕         return file_put_contents($path, $contents, $lock ? LOCK_EX : 0);
    205▕     }
    206▕ 
    207▕     /**
    208▕      * Write the contents of a file, replacing it atomically if it already exists.

  1   vendor/laravel/framework/src/Illuminate/Filesystem/Filesystem.php:204

  2   vendor/laravel/wayfinder/src/GenerateCommand.php:128
      Illuminate\Filesystem\Filesystem::put("/var/www/html/resources/js/actions/Laravel/index.ts", "import Sanctum from './Sanctum'

const Laravel = {
    Sanctum: Object.assign(Sanctum, Sanctum),
}

export default Laravel")

  3   vendor/laravel/wayfinder/src/GenerateCommand.php:82
      Laravel\Wayfinder\GenerateCommand::writeContent()

  4   vendor/laravel/framework/src/Illuminate/Container/BoundMethod.php:36
      Laravel\Wayfinder\GenerateCommand::handle()

  5   vendor/laravel/framework/src/Illuminate/Container/Util.php:43
      Illuminate\Container\BoundMethod::{closure:Illuminate\Container\BoundMethod::call():35}()

  6   vendor/laravel/framework/src/Illuminate/Container/BoundMethod.php:96
      Illuminate\Container\Util::unwrapIfClosure(Object(Closure))

  7   vendor/laravel/framework/src/Illuminate/Container/BoundMethod.php:35
      Illuminate\Container\BoundMethod::callBoundMethod(Object(Illuminate\Foundation\Application), Object(Closure))

  8   vendor/laravel/framework/src/Illuminate/Container/Container.php:799
      Illuminate\Container\BoundMethod::call(Object(Illuminate\Foundation\Application), [])

  9   vendor/laravel/framework/src/Illuminate/Console/Command.php:211
      Illuminate\Container\Container::call()

  10  vendor/symfony/console/Command/Command.php:341
      Illuminate\Console\Command::execute(Object(Symfony\Component\Console\Input\ArgvInput), Object(Illuminate\Console\OutputStyle))

  11  vendor/laravel/framework/src/Illuminate/Console/Command.php:180
      Symfony\Component\Console\Command\Command::run(Object(Symfony\Component\Console\Input\ArgvInput), Object(Illuminate\Console\OutputStyle))

  12  vendor/symfony/console/Application.php:1102
      Illuminate\Console\Command::run(Object(Symfony\Component\Console\Input\ArgvInput), Object(Symfony\Component\Console\Output\ConsoleOutput))

  13  vendor/symfony/console/Application.php:356
      Symfony\Component\Console\Application::doRunCommand(Object(Laravel\Wayfinder\GenerateCommand), Object(Symfony\Component\Console\Input\ArgvInput), Object(Symfony\Component\Console\Output\ConsoleOutput))

  14  vendor/symfony/console/Application.php:195
      Symfony\Component\Console\Application::doRun(Object(Symfony\Component\Console\Input\ArgvInput), Object(Symfony\Component\Console\Output\ConsoleOutput))

  15  vendor/laravel/framework/src/Illuminate/Foundation/Console/Kernel.php:198
      Symfony\Component\Console\Application::run(Object(Symfony\Component\Console\Input\ArgvInput), Object(Symfony\Component\Console\Output\ConsoleOutput))

  16  vendor/laravel/framework/src/Illuminate/Foundation/Application.php:1235
      Illuminate\Foundation\Console\Kernel::handle(Object(Symfony\Component\Console\Input\ArgvInput), Object(Symfony\Component\Console\Output\ConsoleOutput))

  17  artisan:16
      Illuminate\Foundation\Application::handleCommand(Object(Symfony\Component\Console\Input\ArgvInput))

